<?xml version="1.0" encoding="UTF-8"?>
<!-- Generated by org.testng.reporters.JUnitReportReporter -->
<testsuite hostname="SUBASISH" name="testscripts.google" tests="1" failures="0" timestamp="27 Oct 2021 19:45:55 GMT" time="0.101" errors="0">
  <testcase name="googlese" time="0.101" classname="testscripts.google"/>
</testsuite> <!-- testscripts.google -->
